<?xml version="1.0" encoding="utf-8"?><testsuites name="pytest tests"><testsuite name="pytest" errors="0" failures="0" skipped="0" tests="6" time="0.966" timestamp="2026-03-06T09:22:06.987055+00:00" hostname="agent-env-f448052c-a0e4-4df8-8818-f0442dfcb343"><testcase classname="backend.tests.test_api.TestHealth" name="test_api_root" time="0.219" /><testcase classname="backend.tests.test_api.TestContact" name="test_submit_contact_success" time="0.135" /><testcase classname="backend.tests.test_api.TestContact" name="test_submit_contact_minimal" time="0.132" /><testcase classname="backend.tests.test_api.TestContact" name="test_submit_contact_invalid_email" time="0.151" /><testcase classname="backend.tests.test_api.TestContact" name="test_submit_contact_missing_required" time="0.094" /><testcase classname="backend.tests.test_api.TestContact" name="test_get_contacts" time="0.135" /></testsuite></testsuites>